1681285366837	geckodriver	INFO	Listening on 127.0.0.1:65008
1681285369898	mozrunner::runner	INFO	Running command: "C:\\Program Files\\Mozilla Firefox\\firefox.exe" "--marionette" "--remote-debugging-port" "65009" "--remote-allow-hosts" "localhost" "-no-remote" "-profile" "C:\\Users\\ADMINI~1\\AppData\\Local\\Temp\\rust_mozprofileYO6gwz"
console.warn: services.settings: Ignoring preference override of remote settings server
console.warn: services.settings: Allow by setting MOZ_REMOTE_SETTINGS_DEVTOOLS=1 in the environment
1681285371168	Marionette	INFO	Marionette enabled
Dynamically enable window occlusion 0
1681285371259	Marionette	INFO	Listening on port 65031
Read port: 65031
WebDriver BiDi listening on ws://127.0.0.1:65009
1681285371768	RemoteAgent	WARN	TLS certificate errors will be ignored for this session
console.warn: SearchSettings: "get: No settings file exists, new profile?" (new NotFoundError("Could not open the file at C:\\Users\\ADMINI~1\\AppData\\Local\\Temp\\rust_mozprofileYO6gwz\\search.json.mozlz4", (void 0)))
DevTools listening on ws://127.0.0.1:65009/devtools/browser/8c2fbfac-a3a4-4cda-ac8f-3a0f995113f8
[GFX1-]: RenderCompositorSWGL failed mapping default framebuffer, no dt
1681285408397	Marionette	INFO	Stopped listening on port 65031
Dynamically enable window occlusion 1
WARNING: A blocker encountered an error while we were waiting.
          Blocker:  Waiting for ping task
          Phase: TelemetryController: Waiting for pending ping activity
          State: (none)
WARNING: Error: Phase "profile-before-change" is finished, it is too late to register completion condition "OS.File: flush I/O queued before profileBeforeChange"
WARNING: addBlocker@resource://gre/modules/AsyncShutdown.sys.mjs:727:15
addBlocker@resource://gre/modules/AsyncShutdown.sys.mjs:523:26
addBlocker@resource://gre/modules/AsyncShutdown.sys.mjs:458:15
setupShutdown@resource://gre/modules/osfile/osfile_async_front.jsm:1548:28
@resource://gre/modules/osfile/osfile_async_front.jsm:1568:16
@resource://gre/modules/osfile.jsm:12:30
@resource://gre/modules/TelemetryStorage.sys.mjs:10:28
_checkPendingPings@resource://gre/modules/TelemetrySend.sys.mjs:863:17
setup@resource://gre/modules/TelemetrySend.sys.mjs:803:18
setup@resource://gre/modules/TelemetrySend.sys.mjs:241:30
setupTelemetry/this._delayedInitTask<@resource://gre/modules/TelemetryControllerParent.sys.mjs:828:36
observe@resource://gre/modules/AsyncShutdown.sys.mjs:576:16

console.error: "TelemetryScheduler.shutdown - Already shut down"
WARNING: A blocker encountered an error while we were waiting.
          Blocker:  Waiting for ping task
          Phase: TelemetryController: Waiting for pending ping activity
          State: (none)
WARNING: Error: Phase "profile-before-change" is finished, it is too late to register completion condition "OS.File: flush I/O queued before profileBeforeChange"
WARNING: addBlocker@resource://gre/modules/AsyncShutdown.sys.mjs:727:15
addBlocker@resource://gre/modules/AsyncShutdown.sys.mjs:523:26
addBlocker@resource://gre/modules/AsyncShutdown.sys.mjs:458:15
setupShutdown@resource://gre/modules/osfile/osfile_async_front.jsm:1548:28
@resource://gre/modules/osfile/osfile_async_front.jsm:1568:16
@resource://gre/modules/osfile.jsm:12:30
@resource://gre/modules/TelemetryStorage.sys.mjs:10:28
_checkPendingPings@resource://gre/modules/TelemetrySend.sys.mjs:863:17
setup@resource://gre/modules/TelemetrySend.sys.mjs:803:18
setup@resource://gre/modules/TelemetrySend.sys.mjs:241:30
setupTelemetry/this._delayedInitTask<@resource://gre/modules/TelemetryControllerParent.sys.mjs:828:36
observe@resource://gre/modules/AsyncShutdown.sys.mjs:576:16

WARNING: A blocker encountered an error while we were waiting.
          Blocker:  Waiting for ping task
          Phase: TelemetryController: Waiting for pending ping activity
          State: (none)
WARNING: Error: Phase "profile-before-change" is finished, it is too late to register completion condition "OS.File: flush I/O queued before profileBeforeChange"
WARNING: addBlocker@resource://gre/modules/AsyncShutdown.sys.mjs:727:15
addBlocker@resource://gre/modules/AsyncShutdown.sys.mjs:523:26
addBlocker@resource://gre/modules/AsyncShutdown.sys.mjs:458:15
setupShutdown@resource://gre/modules/osfile/osfile_async_front.jsm:1548:28
@resource://gre/modules/osfile/osfile_async_front.jsm:1568:16
@resource://gre/modules/osfile.jsm:12:30
@resource://gre/modules/TelemetryStorage.sys.mjs:10:28
_checkPendingPings@resource://gre/modules/TelemetrySend.sys.mjs:863:17
setup@resource://gre/modules/TelemetrySend.sys.mjs:803:18
setup@resource://gre/modules/TelemetrySend.sys.mjs:241:30
setupTelemetry/this._delayedInitTask<@resource://gre/modules/TelemetryControllerParent.sys.mjs:828:36
observe@resource://gre/modules/AsyncShutdown.sys.mjs:576:16

WARNING: A blocker encountered an error while we were waiting.
          Blocker:  TelemetryController: shutting down
          Phase: profile-before-change-telemetry
          State: Error getting state: Error: Phase "profile-before-change" is finished, it is too late to register completion condition "OS.File: flush I/O queued before profileBeforeChange" at addBlocker@resource://gre/modules/AsyncShutdown.sys.mjs:727:15
addBlocker@resource://gre/modules/AsyncShutdown.sys.mjs:523:26
addBlocker@resource://gre/modules/AsyncShutdown.sys.mjs:458:15
setupShutdown@resource://gre/modules/osfile/osfile_async_front.jsm:1548:28
@resource://gre/modules/osfile/osfile_async_front.jsm:1568:16
@resource://gre/modules/osfile.jsm:12:30
@resource://gre/modules/TelemetryStorage.sys.mjs:10:28
_checkPendingPings@resource://gre/modules/TelemetrySend.sys.mjs:863:17
setup@resource://gre/modules/TelemetrySend.sys.mjs:803:18
setup@resource://gre/modules/TelemetrySend.sys.mjs:241:30
setupTelemetry/this._delayedInitTask<@resource://gre/modules/TelemetryControllerParent.sys.mjs:828:36
observe@resource://gre/modules/AsyncShutdown.sys.mjs:576:16

WARNING: Error: Phase "profile-before-change" is finished, it is too late to register completion condition "OS.File: flush I/O queued before profileBeforeChange"
WARNING: addBlocker@resource://gre/modules/AsyncShutdown.sys.mjs:727:15
addBlocker@resource://gre/modules/AsyncShutdown.sys.mjs:523:26
addBlocker@resource://gre/modules/AsyncShutdown.sys.mjs:458:15
setupShutdown@resource://gre/modules/osfile/osfile_async_front.jsm:1548:28
@resource://gre/modules/osfile/osfile_async_front.jsm:1568:16
@resource://gre/modules/osfile.jsm:12:30
@resource://gre/modules/TelemetryStorage.sys.mjs:10:28
_checkPendingPings@resource://gre/modules/TelemetrySend.sys.mjs:863:17
setup@resource://gre/modules/TelemetrySend.sys.mjs:803:18
setup@resource://gre/modules/TelemetrySend.sys.mjs:241:30
setupTelemetry/this._delayedInitTask<@resource://gre/modules/TelemetryControllerParent.sys.mjs:828:36
observe@resource://gre/modules/AsyncShutdown.sys.mjs:576:16

JavaScript error: resource://gre/modules/AsyncShutdown.sys.mjs, line 727: Error: Phase "profile-before-change" is finished, it is too late to register completion condition "OS.File: flush I/O queued before profileBeforeChange"
JavaScript error: resource://gre/modules/AsyncShutdown.sys.mjs, line 727: Error: Phase "profile-before-change" is finished, it is too late to register completion condition "OS.File: flush I/O queued before profileBeforeChange"
JavaScript error: resource://gre/modules/AsyncShutdown.sys.mjs, line 727: Error: Phase "profile-before-change" is finished, it is too late to register completion condition "OS.File: flush I/O queued before profileBeforeChange"
JavaScript error: resource://gre/modules/AsyncShutdown.sys.mjs, line 727: Error: Phase "profile-before-change" is finished, it is too late to register completion condition "OS.File: flush I/O queued before profileBeforeChange"
JavaScript error: resource://gre/modules/AsyncShutdown.sys.mjs, line 727: Error: Phase "profile-before-change" is finished, it is too late to register completion condition "OS.File: flush I/O queued before profileBeforeChange"
JavaScript error: resource://gre/modules/AsyncShutdown.sys.mjs, line 727: Error: Phase "profile-before-change" is finished, it is too late to register completion condition "OS.File: flush I/O queued before profileBeforeChange"
1681351980259	geckodriver	INFO	Listening on 127.0.0.1:49496
1681351983145	mozrunner::runner	INFO	Running command: "C:\\Program Files\\Mozilla Firefox\\firefox.exe" "--marionette" "--remote-debugging-port" "49497" "--remote-allow-hosts" "localhost" "-no-remote" "-profile" "C:\\Users\\ADMINI~1\\AppData\\Local\\Temp\\rust_mozprofilepi6sqf"
console.warn: services.settings: Ignoring preference override of remote settings server
console.warn: services.settings: Allow by setting MOZ_REMOTE_SETTINGS_DEVTOOLS=1 in the environment
1681351983973	Marionette	INFO	Marionette enabled
Dynamically enable window occlusion 0
1681351983999	Marionette	INFO	Listening on port 49508
Read port: 49508
WebDriver BiDi listening on ws://127.0.0.1:49497
1681351984405	RemoteAgent	WARN	TLS certificate errors will be ignored for this session
console.warn: SearchSettings: "get: No settings file exists, new profile?" (new NotFoundError("Could not open the file at C:\\Users\\ADMINI~1\\AppData\\Local\\Temp\\rust_mozprofilepi6sqf\\search.json.mozlz4", (void 0)))
DevTools listening on ws://127.0.0.1:49497/devtools/browser/33cdb417-303b-456d-9eb4-ce2946416a27
[GFX1-]: RenderCompositorSWGL failed mapping default framebuffer, no dt
1681352045062	Marionette	INFO	Stopped listening on port 49508
Dynamically enable window occlusion 1
1681366031131	geckodriver	INFO	Listening on 127.0.0.1:57267
1681366034185	mozrunner::runner	INFO	Running command: "C:\\Program Files\\Mozilla Firefox\\firefox.exe" "--marionette" "--remote-debugging-port" "57268" "--remote-allow-hosts" "localhost" "-no-remote" "-profile" "C:\\Users\\ADMINI~1\\AppData\\Local\\Temp\\rust_mozprofileu0GMUT"
console.warn: services.settings: Ignoring preference override of remote settings server
console.warn: services.settings: Allow by setting MOZ_REMOTE_SETTINGS_DEVTOOLS=1 in the environment
1681366034835	Marionette	INFO	Marionette enabled
Dynamically enable window occlusion 0
1681366034845	Marionette	INFO	Listening on port 57275
Read port: 57275
WebDriver BiDi listening on ws://127.0.0.1:57268
1681366035110	RemoteAgent	WARN	TLS certificate errors will be ignored for this session
console.warn: SearchSettings: "get: No settings file exists, new profile?" (new NotFoundError("Could not open the file at C:\\Users\\ADMINI~1\\AppData\\Local\\Temp\\rust_mozprofileu0GMUT\\search.json.mozlz4", (void 0)))
DevTools listening on ws://127.0.0.1:57268/devtools/browser/66f6b181-6614-421c-9f8d-a65b5b94bc76
console.error: ({})
JavaScript error: , line 0: NS_ERROR_NOT_AVAILABLE
[GFX1-]: RenderCompositorSWGL failed mapping default framebuffer, no dt
JavaScript error: resource://gre/modules/AsyncShutdown.sys.mjs, line 576: NotFoundError: No such JSWindowActor 'DevToolsFrame'
JavaScript error: resource://gre/modules/AsyncShutdown.sys.mjs, line 576: NotFoundError: No such JSWindowActor 'DevToolsFrame'
JavaScript error: resource://gre/modules/AsyncShutdown.sys.mjs, line 576: NotFoundError: No such JSWindowActor 'DevToolsFrame'
1681367910299	Marionette	INFO	Stopped listening on port 57275
Dynamically enable window occlusion 1
!!! error running onStopped callback: TypeError: callback is not a function
4
WebDriver BiDi listening on ws://127.0.0.1:57423
1681366143485	RemoteAgent	WARN	TLS certificate errors will be ignored for this session
console.warn: SearchSettings: "get: No settings file exists, new profile?" (new NotFoundError("Could not open the file at C:\\Users\\ADMINI~1\\AppData\\Local\\Temp\\rust_mozprofileWuOXka\\search.json.mozlz4", (void 0)))
DevTools listening on ws://127.0.0.1:57423/devtools/browser/aee5b58c-0738-4257-bd83-3ea19526ee0c
1681366182521	geckodriver	INFO	Listening on 127.0.0.1:57508
1681366185592	mozrunner::runner	INFO	Running command: "C:\\Program Files\\Mozilla Firefox\\firefox.exe" "--marionette" "--remote-debugging-port" "57509" "--remote-allow-hosts" "localhost" "-no-remote" "-profile" "C:\\Users\\ADMINI~1\\AppData\\Local\\Temp\\rust_mozprofilexcSHeq"
console.warn: services.settings: Ignoring preference override of remote settings server
console.warn: services.settings: Allow by setting MOZ_REMOTE_SETTINGS_DEVTOOLS=1 in the environment
1681366186149	Marionette	INFO	Marionette enabled
Dynamically enable window occlusion 0
1681366186156	Marionette	INFO	Listening on port 57520
Read port: 57520
WebDriver BiDi listening on ws://127.0.0.1:57509
1681366186339	RemoteAgent	WARN	TLS certificate errors will be ignored for this session
console.warn: SearchSettings: "get: No settings file exists, new profile?" (new NotFoundError("Could not open the file at C:\\Users\\ADMINI~1\\AppData\\Local\\Temp\\rust_mozprofilexcSHeq\\search.json.mozlz4", (void 0)))
DevTools listening on ws://127.0.0.1:57509/devtools/browser/1480e5d7-cdd5-444d-810f-292765ace31c
JavaScript error: , line 0: NS_ERROR_NOT_AVAILABLE
[GFX1-]: RenderCompositorSWGL failed mapping default framebuffer, no dt
1681367908773	Marionette	INFO	Stopped listening on port 57520
Dynamically enable window occlusion 1
w-hosts" "localhost" "-no-remote" "-profile" "C:\\Users\\ADMINI~1\\AppData\\Local\\Temp\\rust_mozprofileUnocJY"
console.warn: services.settings: Ignoring preference override of remote settings server
console.warn: services.settings: Allow by setting MOZ_REMOTE_SETTINGS_DEVTOOLS=1 in the environment
1681366216651	Marionette	INFO	Marionette enabled
Dynamically enable window occlusion 0
1681366216659	Marionette	INFO	Listening on port 57596
Read port: 57596
WebDriver BiDi listening on ws://127.0.0.1:57583
1681366216891	RemoteAgent	WARN	TLS certificate errors will be ignored for this session
console.warn: SearchSettings: "get: No settings file exists, new profile?" (new NotFoundError("Could not open the file at C:\\Users\\ADMINI~1\\AppData\\Local\\Temp\\rust_mozprofileUnocJY\\search.json.mozlz4", (void 0)))
DevTools listening on ws://127.0.0.1:57583/devtools/browser/d4ec394b-14c0-4330-b4f1-c0baf21ca225
console.error: ({})
1681366301971	geckodriver	INFO	Listening on 127.0.0.1:57740
1681366305038	mozrunner::runner	INFO	Running command: "C:\\Program Files\\Mozilla Firefox\\firefox.exe" "--marionette" "--remote-debugging-port" "57741" "--remote-allow-hosts" "localhost" "-no-remote" "-profile" "C:\\Users\\ADMINI~1\\AppData\\Local\\Temp\\rust_mozprofilenx5bRx"
console.warn: services.settings: Ignoring preference override of remote settings server
console.warn: services.settings: Allow by setting MOZ_REMOTE_SETTINGS_DEVTOOLS=1 in the environment
1681366305767	Marionette	INFO	Marionette enabled
Dynamically enable window occlusion 0
1681366305773	Marionette	INFO	Listening on port 57750
Read port: 57750
WebDriver BiDi listening on ws://127.0.0.1:57741
1681366305965	RemoteAgent	WARN	TLS certificate errors will be ignored for this session
console.warn: SearchSettings: "get: No settings file exists, new profile?" (new NotFoundError("Could not open the file at C:\\Users\\ADMINI~1\\AppData\\Local\\Temp\\rust_mozprofilenx5bRx\\search.json.mozlz4", (void 0)))
DevTools listening on ws://127.0.0.1:57741/devtools/browser/c0421779-c407-437b-bd1b-dd00df65536f
console.error: ({})
JavaScript error: http://www.baidu.com/, line 1510: ReferenceError: require is not defined
JavaScript error: http://www.baidu.com/, line 1513: ReferenceError: $ is not defined
JavaScript error: http://www.baidu.com/, line 1514: ReferenceError: define is not defined
JavaScript error: http://pss.bdstatic.com/r/www/cache/static/bundles/polyfill_9354efa.js, line 58: ReferenceError: define is not defined
JavaScript error: http://pss.bdstatic.com/r/www/cache/static/global/js/all_async_search_9548797.js, line 110: ReferenceError: $ is not defined
JavaScript error: http://pss.bdstatic.com/r/www/cache/static/global/js/all_async_search_9548797.js, line 63: ReferenceError: $ is not defined
JavaScript error: http://www.baidu.com/, line 1537: ReferenceError: $ is not defined
JavaScript error: http://www.baidu.com/, line 1541: ReferenceError: F is not defined
JavaScript error: http://www.baidu.com/, line 1559: ReferenceError: $ is not defined
JavaScript error: http://ss.bdimg.com/static/superman/js/s_super_index-3fffae8d60.js, line 3: ReferenceError: $ is not defined
[GFX1-]: RenderCompositorSWGL failed mapping default framebuffer, no dt
1681367040321	Marionette	INFO	Stopped listening on port 57750
Dynamically enable window occlusion 1
JavaScript error: resource://autofill/FormAutofillContent.jsm, line 735: TypeError: can't access dead object
